0 info it worked if it ends with ok
1 verbose cli [ '/home/seth/n/bin/node', '/home/seth/n/bin/npm', 'start' ]
2 info using npm@3.8.6
3 info using node@v5.11.1
4 verbose run-script [ 'prestart', 'start', 'poststart' ]
5 info lifecycle ng6@0.0.1~prestart: ng6@0.0.1
6 silly lifecycle ng6@0.0.1~prestart: no script for prestart, continuing
7 info lifecycle ng6@0.0.1~start: ng6@0.0.1
8 verbose lifecycle ng6@0.0.1~start: unsafe-perm in lifecycle true
9 verbose lifecycle ng6@0.0.1~start: PATH: /home/seth/n/lib/node_modules/npm/bin/node-gyp-bin:/home/seth/code/esp/ng6/node_modules/.bin:/home/seth/n/bin:/usr/local/sbin:/usr/local/bin:/usr/sbin:/usr/bin:/sbin:/bin:/usr/games:/usr/local/games:/home/seth/.rvm/bin:/home/seth/.rvm/bin:/home/seth/.rvm/bin:~/bin:/home/seth/n/bin:/home/seth/.rvm/bin
10 verbose lifecycle ng6@0.0.1~start: CWD: /home/seth/code/esp/ng6
11 silly lifecycle ng6@0.0.1~start: Args: [ '-c', 'node src/app.js' ]
12 silly lifecycle ng6@0.0.1~start: Returned: code: 1  signal: null
13 info lifecycle ng6@0.0.1~start: Failed to exec start script
14 verbose stack Error: ng6@0.0.1 start: `node src/app.js`
14 verbose stack Exit status 1
14 verbose stack     at EventEmitter.<anonymous> (/home/seth/n/lib/node_modules/npm/lib/utils/lifecycle.js:239:16)
14 verbose stack     at emitTwo (events.js:100:13)
14 verbose stack     at EventEmitter.emit (events.js:185:7)
14 verbose stack     at ChildProcess.<anonymous> (/home/seth/n/lib/node_modules/npm/lib/utils/spawn.js:24:14)
14 verbose stack     at emitTwo (events.js:100:13)
14 verbose stack     at ChildProcess.emit (events.js:185:7)
14 verbose stack     at maybeClose (internal/child_process.js:850:16)
14 verbose stack     at Process.ChildProcess._handle.onexit (internal/child_process.js:215:5)
15 verbose pkgid ng6@0.0.1
16 verbose cwd /home/seth/code/esp/ng6
17 error Linux 4.4.0-72-generic
18 error argv "/home/seth/n/bin/node" "/home/seth/n/bin/npm" "start"
19 error node v5.11.1
20 error npm  v3.8.6
21 error code ELIFECYCLE
22 error ng6@0.0.1 start: `node src/app.js`
22 error Exit status 1
23 error Failed at the ng6@0.0.1 start script 'node src/app.js'.
23 error Make sure you have the latest version of node.js and npm installed.
23 error If you do, this is most likely a problem with the ng6 package,
23 error not with npm itself.
23 error Tell the author that this fails on your system:
23 error     node src/app.js
23 error You can get information on how to open an issue for this project with:
23 error     npm bugs ng6
23 error Or if that isn't available, you can get their info via:
23 error     npm owner ls ng6
23 error There is likely additional logging output above.
24 verbose exit [ 1, true ]
